<?xml version="1.0" encoding="UTF-8"?>
<!-- Generated by org.testng.reporters.JUnitReportReporter -->
<testsuite skipped="0" hostname="DESKTOP-GPGIP39" name="TestNG.HybridAccountTest" tests="2" failures="0" timestamp="27 Jun 2020 21:01:42 GMT" time="81.657" errors="0">
  <testcase name="AccountTest" time="36.289" classname="TestNG.HybridAccountTest"/>
  <testcase name="AccountTest" time="45.368" classname="TestNG.HybridAccountTest"/>
</testsuite> <!-- TestNG.HybridAccountTest -->
